This is XeTeX, Version 3.141592653-2.6-0.999994 (MiKTeX 22.8.28) (preloaded format=xelatex 2022.10.11)  25 OCT 2022 10:04
entering extended mode
 restricted \write18 enabled.
 %&-line parsing enabled.
**./quarto-tutorial.tex
(quarto-tutorial.tex
LaTeX2e <2022-06-01> patch level 5
L3 programming layer <2022-09-28>

! LaTeX Error: File `scrartcl.cls' not found.

Type X to quit or <RETURN> to proceed,
or enter new name. (Default extension: cls)

Enter file name: 
! Emergency stop.
<read *> 
         
l.10 ^^M
         
Here is how much of TeX's memory you used:
 32 strings out of 410532
 598 string characters out of 2817967
 333168 words of memory out of 3000000
 21297 multiletter control sequences out of 15000+600000
 469259 words of font info for 28 fonts, out of 8000000 for 9000
 1348 hyphenation exceptions out of 8191
 19i,0n,29p,115b,17s stack positions out of 10000i,1000n,20000p,200000b,80000s

No pages of output.
